<?xml version="1.0" encoding="UTF-8"?>
<!-- Generated by org.testng.reporters.JUnitXMLReporter -->
<testsuite hostname="DESKTOP-VFKFQ1J" ignored="0" name="myTest" tests="16" failures="1" timestamp="14 Jul 2019 17:07:03 GMT" time="43.395" errors="0">
  <testcase name="Test" time="0.015" classname="org.selenium.ng.ExceptionTimeOut"/>
  <testcase name="check" time="0.021" classname="org.selenium.ng.GoogleTitleTest">
    <failure type="java.lang.AssertionError" message="expected [Google] but found [YouTube]">
      <![CDATA[java.lang.AssertionError: expected [Google] but found [YouTube]
at org.selenium.ng.GoogleTitleTest.check(GoogleTitleTest.java:27)
... Removed 31 stack frames]]>
    </failure>
  </testcase> <!-- check -->
  <testcase name="TestCount" time="0.004" classname="org.selenium.ng.InvocationCount"/>
  <testcase name="TestCount" time="0.003" classname="org.selenium.ng.InvocationCount"/>
  <testcase name="TestCount" time="0.003" classname="org.selenium.ng.InvocationCount"/>
  <testcase name="TestCount" time="0.001" classname="org.selenium.ng.InvocationCount"/>
  <testcase name="TestCount" time="0.002" classname="org.selenium.ng.InvocationCount"/>
  <testcase name="TestCount" time="0.002" classname="org.selenium.ng.InvocationCount"/>
  <testcase name="TestCount" time="0.001" classname="org.selenium.ng.InvocationCount"/>
  <testcase name="TestCount" time="0.002" classname="org.selenium.ng.InvocationCount"/>
  <testcase name="TestCount" time="0.002" classname="org.selenium.ng.InvocationCount"/>
  <testcase name="TestCount" time="0.002" classname="org.selenium.ng.InvocationCount"/>
  <testcase name="LoginTest" time="0.002" classname="org.selenium.ng.Testngbasics"/>
  <testcase name="LoginTest" time="0.001" classname="org.selenium.ng.Testngbasics"/>
  <testcase name="SearchTest" time="0.002" classname="org.selenium.ng.Testngbasics"/>
  <testcase name="Test1" time="0.001" classname="org.selenium.ng.Testngbasics"/>
</testsuite> <!-- myTest -->
